\BOOKMARK [1][-]{section.1}{\376\377\000I\000n\000t\000r\000o\000d\000u\000c\000t\000i\000o\000n}{}% 1
\BOOKMARK [1][-]{section.2}{\376\377\000P\000h\000y\000s\000i\000c\000a\000l\000\040\000s\000e\000t\000u\000p}{}% 2
\BOOKMARK [2][-]{subsection.2.1}{\376\377\000T\000h\000e\000\040\000t\000i\000m\000e\000-\000d\000e\000p\000e\000n\000d\000e\000n\000t\000\040\000S\000c\000h\000r\000\366\000d\000i\000n\000g\000e\000r\000\040\000e\000q\000u\000a\000t\000i\000o\000n}{section.2}% 3
\BOOKMARK [2][-]{subsection.2.2}{\376\377\000P\000h\000y\000s\000i\000c\000a\000l\000\040\000i\000n\000t\000e\000r\000p\000r\000e\000t\000a\000t\000i\000o\000n\000\040\000o\000f\000\040\000t\000h\000e\000\040\000w\000a\000v\000e\000\040\000f\000u\000n\000c\000t\000i\000o\000n}{section.2}% 4
\BOOKMARK [2][-]{subsection.2.3}{\376\377\000T\000h\000e\000\040\000G\000a\000u\000s\000s\000i\000a\000n\000\040\000w\000a\000v\000e\000\040\000p\000a\000c\000k\000e\000t}{section.2}% 5
\BOOKMARK [2][-]{subsection.2.4}{\376\377\000T\000h\000e\000\040\000r\000e\000c\000t\000a\000n\000g\000u\000l\000a\000r\000\040\000p\000o\000t\000e\000n\000t\000i\000a\000l\000\040\000b\000a\000r\000r\000i\000e\000r}{section.2}% 6
\BOOKMARK [1][-]{section.3}{\376\377\000Q\000u\000a\000n\000t\000u\000m\000\040\000t\000u\000n\000n\000e\000l\000l\000i\000n\000g}{}% 7
\BOOKMARK [2][-]{subsection.3.1}{\376\377\000S\000t\000a\000t\000i\000o\000n\000a\000r\000y\000\040\000a\000n\000a\000l\000y\000s\000i\000s}{section.3}% 8
\BOOKMARK [2][-]{subsection.3.2}{\376\377\000W\000a\000v\000e\000-\000p\000a\000c\000k\000e\000t\000\040\000d\000y\000n\000a\000m\000i\000c\000s}{section.3}% 9
\BOOKMARK [1][-]{section.4}{\376\377\000N\000u\000m\000e\000r\000i\000c\000a\000l\000\040\000m\000e\000t\000h\000o\000d}{}% 10
\BOOKMARK [2][-]{subsection.4.1}{\376\377\000S\000p\000a\000t\000i\000a\000l\000\040\000d\000i\000s\000c\000r\000e\000t\000i\000s\000a\000t\000i\000o\000n}{section.4}% 11
\BOOKMARK [2][-]{subsection.4.2}{\376\377\000T\000i\000m\000e\000\040\000d\000i\000s\000c\000r\000e\000t\000i\000s\000a\000t\000i\000o\000n\000:\000\040\000t\000h\000e\000\040\000C\000r\000a\000n\000k\040\023\000N\000i\000c\000o\000l\000s\000o\000n\000\040\000s\000c\000h\000e\000m\000e}{section.4}% 12
\BOOKMARK [2][-]{subsection.4.3}{\376\377\000P\000r\000o\000p\000e\000r\000t\000i\000e\000s\000\040\000o\000f\000\040\000t\000h\000e\000\040\000C\000r\000a\000n\000k\040\023\000N\000i\000c\000o\000l\000s\000o\000n\000\040\000s\000c\000h\000e\000m\000e}{section.4}% 13
\BOOKMARK [2][-]{subsection.4.4}{\376\377\000M\000a\000t\000r\000i\000x\000\040\000s\000t\000r\000u\000c\000t\000u\000r\000e}{section.4}% 14
\BOOKMARK [2][-]{subsection.4.5}{\376\377\000T\000h\000e\000\040\000T\000h\000o\000m\000a\000s\000\040\000a\000l\000g\000o\000r\000i\000t\000h\000m}{section.4}% 15
\BOOKMARK [2][-]{subsection.4.6}{\376\377\000B\000o\000u\000n\000d\000a\000r\000y\000\040\000c\000o\000n\000d\000i\000t\000i\000o\000n\000s}{section.4}% 16
\BOOKMARK [2][-]{subsection.4.7}{\376\377\000A\000l\000g\000o\000r\000i\000t\000h\000m\000\040\000s\000u\000m\000m\000a\000r\000y}{section.4}% 17
\BOOKMARK [1][-]{section.5}{\376\377\000A\000n\000a\000l\000y\000s\000i\000s\000\040\000o\000f\000\040\000t\000h\000e\000\040\000s\000i\000m\000u\000l\000a\000t\000i\000o\000n\000\040\000o\000u\000t\000p\000u\000t}{}% 18
\BOOKMARK [2][-]{subsection.5.1}{\376\377\000S\000n\000a\000p\000s\000h\000o\000t\000\040\000p\000l\000o\000t\000\040\000\050\000s\000n\000a\000p\000s\000h\000o\000t\000s\000.\000p\000n\000g\000\051}{section.5}% 19
\BOOKMARK [2][-]{subsection.5.2}{\376\377\000Q\000u\000a\000n\000t\000i\000t\000a\000t\000i\000v\000e\000\040\000a\000n\000a\000l\000y\000s\000i\000s\000\040\000p\000l\000o\000t\000\040\000\050\000a\000n\000a\000l\000y\000s\000i\000s\000.\000p\000n\000g\000\051}{section.5}% 20
\BOOKMARK [3][-]{subsubsection.5.2.1}{\376\377\000P\000a\000n\000e\000l\000\040\000A\000:\000\040\000N\000o\000r\000m\000\040\000c\000o\000n\000s\000e\000r\000v\000a\000t\000i\000o\000n}{subsection.5.2}% 21
\BOOKMARK [3][-]{subsubsection.5.2.2}{\376\377\000P\000a\000n\000e\000l\000\040\000B\000:\000\040\000T\000r\000a\000n\000s\000m\000i\000s\000s\000i\000o\000n\000\040\000a\000n\000d\000\040\000r\000e\000f\000l\000e\000c\000t\000i\000o\000n\000\040\000c\000o\000e\000f\000f\000i\000c\000i\000e\000n\000t\000s}{subsection.5.2}% 22
\BOOKMARK [3][-]{subsubsection.5.2.3}{\376\377\000P\000a\000n\000e\000l\000\040\000C\000:\000\040\000M\000e\000a\000n\000\040\000p\000o\000s\000i\000t\000i\000o\000n\000\040\000x\000\040\000\050\000t\000\051}{subsection.5.2}% 23
\BOOKMARK [3][-]{subsubsection.5.2.4}{\376\377\000P\000a\000n\000e\000l\000\040\000D\000:\000\040\000P\000a\000c\000k\000e\000t\000\040\000w\000i\000d\000t\000h\000\040\000\050\000t\000\051}{subsection.5.2}% 24
\BOOKMARK [2][-]{subsection.5.3}{\376\377\000A\000n\000i\000m\000a\000t\000i\000o\000n\000\040\000\050\000e\000v\000o\000l\000u\000t\000i\000o\000n\000.\000m\000p\0004\000\051}{section.5}% 25
\BOOKMARK [1][-]{section.6}{\376\377\000N\000u\000m\000e\000r\000i\000c\000a\000l\000\040\000p\000a\000r\000a\000m\000e\000t\000e\000r\000s\000:\000\040\000s\000t\000a\000b\000i\000l\000i\000t\000y\000\040\000a\000n\000d\000\040\000a\000c\000c\000u\000r\000a\000c\000y}{}% 26
\BOOKMARK [2][-]{subsection.6.1}{\376\377\000G\000r\000i\000d\000\040\000r\000e\000s\000o\000l\000u\000t\000i\000o\000n\000\040\000r\000e\000q\000u\000i\000r\000e\000m\000e\000n\000t\000s}{section.6}% 27
\BOOKMARK [2][-]{subsection.6.2}{\376\377\000C\000o\000u\000r\000a\000n\000t\000\040\000n\000u\000m\000b\000e\000r}{section.6}% 28
\BOOKMARK [1][-]{section.7}{\376\377\000C\000o\000n\000c\000l\000u\000s\000i\000o\000n\000s}{}% 29
\BOOKMARK [1][-]{appendix.A}{\376\377\000T\000h\000e\000\040\000q\000u\000a\000n\000t\000u\000m\000\040\000s\000t\000a\000t\000e\000\040\000s\000p\000a\000c\000e\000\040\000a\000n\000d\000\040\000D\000i\000r\000a\000c\000\040\000f\000o\000r\000m\000a\000l\000i\000s\000m}{}% 30
\BOOKMARK [2][-]{subsection.A.1}{\376\377\000H\000i\000l\000b\000e\000r\000t\000\040\000s\000p\000a\000c\000e\000\040\000s\000t\000r\000u\000c\000t\000u\000r\000e}{appendix.A}% 31
\BOOKMARK [2][-]{subsection.A.2}{\376\377\000O\000b\000s\000e\000r\000v\000a\000b\000l\000e\000s\000\040\000a\000s\000\040\000s\000e\000l\000f\000-\000a\000d\000j\000o\000i\000n\000t\000\040\000o\000p\000e\000r\000a\000t\000o\000r\000s}{appendix.A}% 32
\BOOKMARK [2][-]{subsection.A.3}{\376\377\000T\000h\000e\000\040\000c\000a\000n\000o\000n\000i\000c\000a\000l\000\040\000c\000o\000m\000m\000u\000t\000a\000t\000i\000o\000n\000\040\000r\000e\000l\000a\000t\000i\000o\000n}{appendix.A}% 33
\BOOKMARK [2][-]{subsection.A.4}{\376\377\000T\000i\000m\000e\000\040\000e\000v\000o\000l\000u\000t\000i\000o\000n\000\040\000o\000p\000e\000r\000a\000t\000o\000r\000\040\000a\000n\000d\000\040\000u\000n\000i\000t\000a\000r\000i\000t\000y}{appendix.A}% 34
\BOOKMARK [1][-]{appendix.B}{\376\377\000T\000r\000a\000n\000s\000f\000e\000r\000\040\000m\000a\000t\000r\000i\000x\000\040\000m\000e\000t\000h\000o\000d\000\040\000a\000n\000d\000\040\000e\000x\000a\000c\000t\000\040\000t\000u\000n\000n\000e\000l\000l\000i\000n\000g\000\040\000f\000o\000r\000m\000u\000l\000a\000e}{}% 35
\BOOKMARK [2][-]{subsection.B.1}{\376\377\000P\000i\000e\000c\000e\000w\000i\000s\000e\000\040\000s\000o\000l\000u\000t\000i\000o\000n\000\040\000o\000f\000\040\000t\000h\000e\000\040\000s\000t\000a\000t\000i\000o\000n\000a\000r\000y\000\040\000S\000c\000h\000r\000\366\000d\000i\000n\000g\000e\000r\000\040\000e\000q\000u\000a\000t\000i\000o\000n}{appendix.B}% 36
\BOOKMARK [2][-]{subsection.B.2}{\376\377\000T\000h\000e\000\040\000t\000r\000a\000n\000s\000f\000e\000r\000\040\000m\000a\000t\000r\000i\000x}{appendix.B}% 37
\BOOKMARK [2][-]{subsection.B.3}{\376\377\000W\000K\000B\000\040\000a\000p\000p\000r\000o\000x\000i\000m\000a\000t\000i\000o\000n}{appendix.B}% 38
\BOOKMARK [1][-]{appendix.C}{\376\377\000D\000i\000s\000p\000e\000r\000s\000i\000o\000n\000\040\000r\000e\000l\000a\000t\000i\000o\000n\000\040\000a\000n\000d\000\040\000f\000r\000e\000e\000-\000p\000a\000c\000k\000e\000t\000\040\000d\000y\000n\000a\000m\000i\000c\000s}{}% 39
\BOOKMARK [2][-]{subsection.C.1}{\376\377\000D\000i\000s\000p\000e\000r\000s\000i\000o\000n\000\040\000r\000e\000l\000a\000t\000i\000o\000n}{appendix.C}% 40
\BOOKMARK [2][-]{subsection.C.2}{\376\377\000E\000x\000a\000c\000t\000\040\000f\000r\000e\000e\000-\000p\000r\000o\000p\000a\000g\000a\000t\000i\000o\000n\000\040\000o\000f\000\040\000t\000h\000e\000\040\000G\000a\000u\000s\000s\000i\000a\000n\000\040\000p\000a\000c\000k\000e\000t}{appendix.C}% 41
\BOOKMARK [1][-]{appendix.D}{\376\377\000O\000p\000e\000r\000a\000t\000o\000r\000\040\000s\000p\000l\000i\000t\000t\000i\000n\000g\000\040\000a\000n\000d\000\040\000t\000h\000e\000\040\000C\000a\000y\000l\000e\000y\000\040\000f\000o\000r\000m}{}% 42
\BOOKMARK [2][-]{subsection.D.1}{\376\377\000T\000h\000e\000\040\000e\000x\000a\000c\000t\000\040\000p\000r\000o\000p\000a\000g\000a\000t\000o\000r\000\040\000a\000s\000\040\000a\000\040\000m\000a\000t\000r\000i\000x\000\040\000e\000x\000p\000o\000n\000e\000n\000t\000i\000a\000l}{appendix.D}% 43
\BOOKMARK [2][-]{subsection.D.2}{\376\377\000P\000a\000d\000\351\000\040\000a\000p\000p\000r\000o\000x\000i\000m\000a\000n\000t\000s\000\040\000a\000n\000d\000\040\000t\000h\000e\000\040\000C\000a\000y\000l\000e\000y\000\040\000f\000o\000r\000m}{appendix.D}% 44
\BOOKMARK [2][-]{subsection.D.3}{\376\377\000S\000t\000r\000a\000n\000g\000\040\000s\000p\000l\000i\000t\000t\000i\000n\000g}{appendix.D}% 45
\BOOKMARK [1][-]{appendix.E}{\376\377\000S\000c\000a\000t\000t\000e\000r\000i\000n\000g\000\040\000t\000h\000e\000o\000r\000y\000:\000\040\000S\000-\000m\000a\000t\000r\000i\000x\000\040\000a\000n\000d\000\040\000W\000i\000g\000n\000e\000r\000\040\000d\000e\000l\000a\000y\000\040\000t\000i\000m\000e}{}% 46
\BOOKMARK [2][-]{subsection.E.1}{\376\377\000T\000h\000e\000\040\000s\000c\000a\000t\000t\000e\000r\000i\000n\000g\000\040\000m\000a\000t\000r\000i\000x}{appendix.E}% 47
\BOOKMARK [2][-]{subsection.E.2}{\376\377\000P\000h\000a\000s\000e\000\040\000s\000h\000i\000f\000t\000s\000\040\000a\000n\000d\000\040\000t\000i\000m\000e\000\040\000d\000e\000l\000a\000y\000s}{appendix.E}% 48
\BOOKMARK [2][-]{subsection.E.3}{\376\377\000T\000h\000e\000\040\000o\000p\000t\000i\000c\000a\000l\000\040\000t\000h\000e\000o\000r\000e\000m\000\040\000i\000n\000\040\0001\000D}{appendix.E}% 49
\BOOKMARK [1][-]{appendix.F}{\376\377\000V\000o\000n\000\040\000N\000e\000u\000m\000a\000n\000n\000\040\000s\000t\000a\000b\000i\000l\000i\000t\000y\000\040\000a\000n\000a\000l\000y\000s\000i\000s}{}% 50
\BOOKMARK [2][-]{subsection.F.1}{\376\377\000V\000o\000n\000\040\000N\000e\000u\000m\000a\000n\000n\000\040\000a\000n\000a\000l\000y\000s\000i\000s\000\040\000f\000o\000r\000\040\000t\000h\000e\000\040\000T\000D\000S\000E}{appendix.F}% 51
\BOOKMARK [2][-]{subsection.F.2}{\376\377\000N\000u\000m\000e\000r\000i\000c\000a\000l\000\040\000d\000i\000s\000p\000e\000r\000s\000i\000o\000n}{appendix.F}% 52
\BOOKMARK [1][-]{appendix.G}{\376\377\000E\000h\000r\000e\000n\000f\000e\000s\000t\000'\000s\000\040\000t\000h\000e\000o\000r\000e\000m\000\040\000a\000n\000d\000\040\000q\000u\000a\000n\000t\000u\000m\000-\000c\000l\000a\000s\000s\000i\000c\000a\000l\000\040\000c\000o\000r\000r\000e\000s\000p\000o\000n\000d\000e\000n\000c\000e}{}% 53
\BOOKMARK [2][-]{subsection.G.1}{\376\377\000S\000t\000a\000t\000e\000m\000e\000n\000t\000\040\000a\000n\000d\000\040\000d\000e\000r\000i\000v\000a\000t\000i\000o\000n}{appendix.G}% 54
\BOOKMARK [2][-]{subsection.G.2}{\376\377\000I\000m\000p\000l\000i\000c\000a\000t\000i\000o\000n\000s\000\040\000f\000o\000r\000\040\000t\000h\000e\000\040\000s\000i\000m\000u\000l\000a\000t\000i\000o\000n}{appendix.G}% 55
\BOOKMARK [2][-]{subsection.G.3}{\376\377\000E\000n\000e\000r\000g\000y\000\040\000c\000o\000n\000s\000e\000r\000v\000a\000t\000i\000o\000n}{appendix.G}% 56
\BOOKMARK [1][-]{appendix.H}{\376\377\000A\000b\000s\000o\000r\000b\000i\000n\000g\000\040\000b\000o\000u\000n\000d\000a\000r\000y\000\040\000c\000o\000n\000d\000i\000t\000i\000o\000n\000s\000\040\000a\000n\000d\000\040\000p\000e\000r\000f\000e\000c\000t\000l\000y\000\040\000m\000a\000t\000c\000h\000e\000d\000\040\000l\000a\000y\000e\000r\000s}{}% 57
\BOOKMARK [2][-]{subsection.H.1}{\376\377\000T\000h\000e\000\040\000p\000r\000o\000b\000l\000e\000m\000\040\000w\000i\000t\000h\000\040\000D\000i\000r\000i\000c\000h\000l\000e\000t\000\040\000b\000o\000u\000n\000d\000a\000r\000i\000e\000s}{appendix.H}% 58
\BOOKMARK [2][-]{subsection.H.2}{\376\377\000A\000b\000s\000o\000r\000b\000i\000n\000g\000\040\000b\000o\000u\000n\000d\000a\000r\000y\000\040\000c\000o\000n\000d\000i\000t\000i\000o\000n\000s}{appendix.H}% 59
\BOOKMARK [2][-]{subsection.H.3}{\376\377\000P\000e\000r\000f\000e\000c\000t\000l\000y\000\040\000m\000a\000t\000c\000h\000e\000d\000\040\000l\000a\000y\000e\000r\000s}{appendix.H}% 60
