\BOOKMARK [1][-]{section.1}{\376\377\000I\000n\000t\000r\000o\000d\000u\000z\000i\000o\000n\000e}{}% 1
\BOOKMARK [1][-]{section.2}{\376\377\000I\000m\000p\000o\000s\000t\000a\000z\000i\000o\000n\000e\000\040\000f\000i\000s\000i\000c\000a}{}% 2
\BOOKMARK [2][-]{subsection.2.1}{\376\377\000L\000'\000e\000q\000u\000a\000z\000i\000o\000n\000e\000\040\000d\000i\000\040\000S\000c\000h\000r\000\366\000d\000i\000n\000g\000e\000r\000\040\000d\000i\000p\000e\000n\000d\000e\000n\000t\000e\000\040\000d\000a\000l\000\040\000t\000e\000m\000p\000o}{section.2}% 3
\BOOKMARK [2][-]{subsection.2.2}{\376\377\000I\000n\000t\000e\000r\000p\000r\000e\000t\000a\000z\000i\000o\000n\000e\000\040\000f\000i\000s\000i\000c\000a\000\040\000d\000e\000l\000l\000a\000\040\000f\000u\000n\000z\000i\000o\000n\000e\000\040\000d\000'\000o\000n\000d\000a}{section.2}% 4
\BOOKMARK [2][-]{subsection.2.3}{\376\377\000I\000l\000\040\000p\000a\000c\000c\000h\000e\000t\000t\000o\000\040\000d\000'\000o\000n\000d\000e\000\040\000g\000a\000u\000s\000s\000i\000a\000n\000o}{section.2}% 5
\BOOKMARK [2][-]{subsection.2.4}{\376\377\000L\000a\000\040\000b\000a\000r\000r\000i\000e\000r\000a\000\040\000d\000i\000\040\000p\000o\000t\000e\000n\000z\000i\000a\000l\000e\000\040\000r\000e\000t\000t\000a\000n\000g\000o\000l\000a\000r\000e}{section.2}% 6
\BOOKMARK [1][-]{section.3}{\376\377\000E\000f\000f\000e\000t\000t\000o\000\040\000t\000u\000n\000n\000e\000l\000\040\000q\000u\000a\000n\000t\000i\000s\000t\000i\000c\000o}{}% 7
\BOOKMARK [2][-]{subsection.3.1}{\376\377\000A\000n\000a\000l\000i\000s\000i\000\040\000s\000t\000a\000z\000i\000o\000n\000a\000r\000i\000a}{section.3}% 8
\BOOKMARK [2][-]{subsection.3.2}{\376\377\000D\000i\000n\000a\000m\000i\000c\000a\000\040\000d\000e\000l\000\040\000p\000a\000c\000c\000h\000e\000t\000t\000o\000\040\000d\000'\000o\000n\000d\000e}{section.3}% 9
\BOOKMARK [1][-]{section.4}{\376\377\000M\000e\000t\000o\000d\000o\000\040\000n\000u\000m\000e\000r\000i\000c\000o}{}% 10
\BOOKMARK [2][-]{subsection.4.1}{\376\377\000D\000i\000s\000c\000r\000e\000t\000i\000z\000z\000a\000z\000i\000o\000n\000e\000\040\000s\000p\000a\000z\000i\000a\000l\000e}{section.4}% 11
\BOOKMARK [2][-]{subsection.4.2}{\376\377\000D\000i\000s\000c\000r\000e\000t\000i\000z\000z\000a\000z\000i\000o\000n\000e\000\040\000t\000e\000m\000p\000o\000r\000a\000l\000e\000:\000\040\000l\000o\000\040\000s\000c\000h\000e\000m\000a\000\040\000d\000i\000\040\000C\000r\000a\000n\000k\040\023\000N\000i\000c\000o\000l\000s\000o\000n}{section.4}% 12
\BOOKMARK [2][-]{subsection.4.3}{\376\377\000P\000r\000o\000p\000r\000i\000e\000t\000\340\000\040\000d\000e\000l\000l\000o\000\040\000s\000c\000h\000e\000m\000a\000\040\000d\000i\000\040\000C\000r\000a\000n\000k\040\023\000N\000i\000c\000o\000l\000s\000o\000n}{section.4}% 13
\BOOKMARK [2][-]{subsection.4.4}{\376\377\000S\000t\000r\000u\000t\000t\000u\000r\000a\000\040\000d\000e\000l\000l\000e\000\040\000m\000a\000t\000r\000i\000c\000i}{section.4}% 14
\BOOKMARK [2][-]{subsection.4.5}{\376\377\000L\000'\000a\000l\000g\000o\000r\000i\000t\000m\000o\000\040\000d\000i\000\040\000T\000h\000o\000m\000a\000s}{section.4}% 15
\BOOKMARK [2][-]{subsection.4.6}{\376\377\000C\000o\000n\000d\000i\000z\000i\000o\000n\000i\000\040\000a\000l\000\040\000c\000o\000n\000t\000o\000r\000n\000o}{section.4}% 16
\BOOKMARK [2][-]{subsection.4.7}{\376\377\000S\000c\000h\000e\000m\000a\000\040\000d\000e\000l\000l\000'\000a\000l\000g\000o\000r\000i\000t\000m\000o}{section.4}% 17
\BOOKMARK [1][-]{section.5}{\376\377\000A\000n\000a\000l\000i\000s\000i\000\040\000d\000e\000l\000l\000'\000o\000u\000t\000p\000u\000t\000\040\000d\000e\000l\000l\000a\000\040\000s\000i\000m\000u\000l\000a\000z\000i\000o\000n\000e}{}% 18
\BOOKMARK [2][-]{subsection.5.1}{\376\377\000G\000r\000a\000f\000i\000c\000o\000\040\000d\000e\000l\000l\000e\000\040\000i\000s\000t\000a\000n\000t\000a\000n\000e\000e\000\040\000\050\000s\000n\000a\000p\000s\000h\000o\000t\000s\000.\000p\000n\000g\000\051}{section.5}% 19
\BOOKMARK [2][-]{subsection.5.2}{\376\377\000G\000r\000a\000f\000i\000c\000o\000\040\000d\000e\000l\000l\000'\000a\000n\000a\000l\000i\000s\000i\000\040\000q\000u\000a\000n\000t\000i\000t\000a\000t\000i\000v\000a\000\040\000\050\000a\000n\000a\000l\000y\000s\000i\000s\000.\000p\000n\000g\000\051}{section.5}% 20
\BOOKMARK [3][-]{subsubsection.5.2.1}{\376\377\000P\000a\000n\000n\000e\000l\000l\000o\000\040\000A\000:\000\040\000C\000o\000n\000s\000e\000r\000v\000a\000z\000i\000o\000n\000e\000\040\000d\000e\000l\000l\000a\000\040\000n\000o\000r\000m\000a}{subsection.5.2}% 21
\BOOKMARK [3][-]{subsubsection.5.2.2}{\376\377\000P\000a\000n\000n\000e\000l\000l\000o\000\040\000B\000:\000\040\000C\000o\000e\000f\000f\000i\000c\000i\000e\000n\000t\000i\000\040\000d\000i\000\040\000t\000r\000a\000s\000m\000i\000s\000s\000i\000o\000n\000e\000\040\000e\000\040\000r\000i\000f\000l\000e\000s\000s\000i\000o\000n\000e}{subsection.5.2}% 22
\BOOKMARK [3][-]{subsubsection.5.2.3}{\376\377\000P\000a\000n\000n\000e\000l\000l\000o\000\040\000C\000:\000\040\000P\000o\000s\000i\000z\000i\000o\000n\000e\000\040\000m\000e\000d\000i\000a\000\040\000x\000\040\000\050\000t\000\051}{subsection.5.2}% 23
\BOOKMARK [3][-]{subsubsection.5.2.4}{\376\377\000P\000a\000n\000n\000e\000l\000l\000o\000\040\000D\000:\000\040\000L\000a\000r\000g\000h\000e\000z\000z\000a\000\040\000d\000e\000l\000\040\000p\000a\000c\000c\000h\000e\000t\000t\000o\000\040\000\050\000t\000\051}{subsection.5.2}% 24
\BOOKMARK [2][-]{subsection.5.3}{\376\377\000A\000n\000i\000m\000a\000z\000i\000o\000n\000e\000\040\000\050\000e\000v\000o\000l\000u\000t\000i\000o\000n\000.\000m\000p\0004\000\051}{section.5}% 25
\BOOKMARK [1][-]{section.6}{\376\377\000P\000a\000r\000a\000m\000e\000t\000r\000i\000\040\000n\000u\000m\000e\000r\000i\000c\000i\000:\000\040\000s\000t\000a\000b\000i\000l\000i\000t\000\340\000\040\000e\000\040\000a\000c\000c\000u\000r\000a\000t\000e\000z\000z\000a}{}% 26
\BOOKMARK [2][-]{subsection.6.1}{\376\377\000R\000e\000q\000u\000i\000s\000i\000t\000i\000\040\000d\000i\000\040\000r\000i\000s\000o\000l\000u\000z\000i\000o\000n\000e\000\040\000d\000e\000l\000l\000a\000\040\000g\000r\000i\000g\000l\000i\000a}{section.6}% 27
\BOOKMARK [2][-]{subsection.6.2}{\376\377\000N\000u\000m\000e\000r\000o\000\040\000d\000i\000\040\000C\000o\000u\000r\000a\000n\000t}{section.6}% 28
\BOOKMARK [1][-]{section.7}{\376\377\000C\000o\000n\000c\000l\000u\000s\000i\000o\000n\000i}{}% 29
\BOOKMARK [1][-]{appendix.Alph1}{\376\377\000L\000o\000\040\000s\000p\000a\000z\000i\000o\000\040\000d\000e\000g\000l\000i\000\040\000s\000t\000a\000t\000i\000\040\000q\000u\000a\000n\000t\000i\000s\000t\000i\000c\000i\000\040\000e\000\040\000i\000l\000\040\000f\000o\000r\000m\000a\000l\000i\000s\000m\000o\000\040\000d\000i\000\040\000D\000i\000r\000a\000c}{}% 30
\BOOKMARK [2][-]{subsection.Alph1.1}{\376\377\000S\000t\000r\000u\000t\000t\000u\000r\000a\000\040\000d\000e\000l\000l\000o\000\040\000s\000p\000a\000z\000i\000o\000\040\000d\000i\000\040\000H\000i\000l\000b\000e\000r\000t}{appendix.Alph1}% 31
\BOOKMARK [2][-]{subsection.Alph1.2}{\376\377\000O\000s\000s\000e\000r\000v\000a\000b\000i\000l\000i\000\040\000c\000o\000m\000e\000\040\000o\000p\000e\000r\000a\000t\000o\000r\000i\000\040\000a\000u\000t\000o\000a\000g\000g\000i\000u\000n\000t\000i}{appendix.Alph1}% 32
\BOOKMARK [2][-]{subsection.Alph1.3}{\376\377\000L\000a\000\040\000r\000e\000l\000a\000z\000i\000o\000n\000e\000\040\000d\000i\000\040\000c\000o\000m\000m\000u\000t\000a\000z\000i\000o\000n\000e\000\040\000c\000a\000n\000o\000n\000i\000c\000a}{appendix.Alph1}% 33
\BOOKMARK [2][-]{subsection.Alph1.4}{\376\377\000O\000p\000e\000r\000a\000t\000o\000r\000e\000\040\000d\000i\000\040\000e\000v\000o\000l\000u\000z\000i\000o\000n\000e\000\040\000t\000e\000m\000p\000o\000r\000a\000l\000e\000\040\000e\000\040\000u\000n\000i\000t\000a\000r\000i\000e\000t\000\340}{appendix.Alph1}% 34
\BOOKMARK [1][-]{appendix.Alph2}{\376\377\000M\000e\000t\000o\000d\000o\000\040\000d\000e\000l\000l\000a\000\040\000m\000a\000t\000r\000i\000c\000e\000\040\000d\000i\000\040\000t\000r\000a\000s\000f\000e\000r\000i\000m\000e\000n\000t\000o\000\040\000e\000\040\000f\000o\000r\000m\000u\000l\000e\000\040\000e\000s\000a\000t\000t\000e\000\040\000p\000e\000r\000\040\000i\000l\000\040\000t\000u\000n\000n\000e\000l}{}% 35
\BOOKMARK [2][-]{subsection.Alph2.1}{\376\377\000S\000o\000l\000u\000z\000i\000o\000n\000e\000\040\000a\000\040\000t\000r\000a\000t\000t\000i\000\040\000d\000e\000l\000l\000'\000e\000q\000u\000a\000z\000i\000o\000n\000e\000\040\000d\000i\000\040\000S\000c\000h\000r\000\366\000d\000i\000n\000g\000e\000r\000\040\000s\000t\000a\000z\000i\000o\000n\000a\000r\000i\000a}{appendix.Alph2}% 36
\BOOKMARK [2][-]{subsection.Alph2.2}{\376\377\000L\000a\000\040\000m\000a\000t\000r\000i\000c\000e\000\040\000d\000i\000\040\000t\000r\000a\000s\000f\000e\000r\000i\000m\000e\000n\000t\000o}{appendix.Alph2}% 37
\BOOKMARK [2][-]{subsection.Alph2.3}{\376\377\000A\000p\000p\000r\000o\000s\000s\000i\000m\000a\000z\000i\000o\000n\000e\000\040\000W\000K\000B}{appendix.Alph2}% 38
\BOOKMARK [1][-]{appendix.Alph3}{\376\377\000R\000e\000l\000a\000z\000i\000o\000n\000e\000\040\000d\000i\000\040\000d\000i\000s\000p\000e\000r\000s\000i\000o\000n\000e\000\040\000e\000\040\000d\000i\000n\000a\000m\000i\000c\000a\000\040\000d\000e\000l\000\040\000p\000a\000c\000c\000h\000e\000t\000t\000o\000\040\000l\000i\000b\000e\000r\000o}{}% 39
\BOOKMARK [2][-]{subsection.Alph3.1}{\376\377\000R\000e\000l\000a\000z\000i\000o\000n\000e\000\040\000d\000i\000\040\000d\000i\000s\000p\000e\000r\000s\000i\000o\000n\000e}{appendix.Alph3}% 40
\BOOKMARK [2][-]{subsection.Alph3.2}{\376\377\000P\000r\000o\000p\000a\000g\000a\000z\000i\000o\000n\000e\000\040\000e\000s\000a\000t\000t\000a\000\040\000d\000e\000l\000\040\000p\000a\000c\000c\000h\000e\000t\000t\000o\000\040\000g\000a\000u\000s\000s\000i\000a\000n\000o\000\040\000n\000e\000l\000l\000o\000\040\000s\000p\000a\000z\000i\000o\000\040\000l\000i\000b\000e\000r\000o}{appendix.Alph3}% 41
\BOOKMARK [1][-]{appendix.Alph4}{\376\377\000S\000p\000l\000i\000t\000t\000i\000n\000g\000\040\000d\000e\000g\000l\000i\000\040\000o\000p\000e\000r\000a\000t\000o\000r\000i\000\040\000e\000\040\000l\000a\000\040\000f\000o\000r\000m\000a\000\040\000d\000i\000\040\000C\000a\000y\000l\000e\000y}{}% 42
\BOOKMARK [2][-]{subsection.Alph4.1}{\376\377\000I\000l\000\040\000p\000r\000o\000p\000a\000g\000a\000t\000o\000r\000e\000\040\000e\000s\000a\000t\000t\000o\000\040\000c\000o\000m\000e\000\040\000e\000s\000p\000o\000n\000e\000n\000z\000i\000a\000l\000e\000\040\000d\000i\000\040\000m\000a\000t\000r\000i\000c\000e}{appendix.Alph4}% 43
\BOOKMARK [2][-]{subsection.Alph4.2}{\376\377\000A\000p\000p\000r\000o\000s\000s\000i\000m\000a\000n\000t\000i\000\040\000d\000i\000\040\000P\000a\000d\000\351\000\040\000e\000\040\000l\000a\000\040\000f\000o\000r\000m\000a\000\040\000d\000i\000\040\000C\000a\000y\000l\000e\000y}{appendix.Alph4}% 44
\BOOKMARK [2][-]{subsection.Alph4.3}{\376\377\000S\000p\000l\000i\000t\000t\000i\000n\000g\000\040\000d\000i\000\040\000S\000t\000r\000a\000n\000g}{appendix.Alph4}% 45
\BOOKMARK [1][-]{appendix.Alph5}{\376\377\000T\000e\000o\000r\000i\000a\000\040\000d\000e\000l\000l\000o\000\040\000s\000c\000a\000t\000t\000e\000r\000i\000n\000g\000:\000\040\000m\000a\000t\000r\000i\000c\000e\000\040\000S\000\040\000e\000\040\000t\000e\000m\000p\000o\000\040\000d\000i\000\040\000r\000i\000t\000a\000r\000d\000o\000\040\000d\000i\000\040\000W\000i\000g\000n\000e\000r}{}% 46
\BOOKMARK [2][-]{subsection.Alph5.1}{\376\377\000L\000a\000\040\000m\000a\000t\000r\000i\000c\000e\000\040\000d\000i\000\040\000s\000c\000a\000t\000t\000e\000r\000i\000n\000g}{appendix.Alph5}% 47
\BOOKMARK [2][-]{subsection.Alph5.2}{\376\377\000S\000f\000a\000s\000a\000m\000e\000n\000t\000i\000\040\000e\000\040\000r\000i\000t\000a\000r\000d\000i\000\040\000t\000e\000m\000p\000o\000r\000a\000l\000i}{appendix.Alph5}% 48
\BOOKMARK [2][-]{subsection.Alph5.3}{\376\377\000I\000l\000\040\000t\000e\000o\000r\000e\000m\000a\000\040\000o\000t\000t\000i\000c\000o\000\040\000i\000n\000\040\0001\000D}{appendix.Alph5}% 49
\BOOKMARK [1][-]{appendix.Alph6}{\376\377\000A\000n\000a\000l\000i\000s\000i\000\040\000d\000i\000\040\000s\000t\000a\000b\000i\000l\000i\000t\000\340\000\040\000d\000i\000\040\000v\000o\000n\000\040\000N\000e\000u\000m\000a\000n\000n}{}% 50
\BOOKMARK [2][-]{subsection.Alph6.1}{\376\377\000A\000n\000a\000l\000i\000s\000i\000\040\000d\000i\000\040\000v\000o\000n\000\040\000N\000e\000u\000m\000a\000n\000n\000\040\000p\000e\000r\000\040\000l\000a\000\040\000T\000D\000S\000E}{appendix.Alph6}% 51
\BOOKMARK [2][-]{subsection.Alph6.2}{\376\377\000D\000i\000s\000p\000e\000r\000s\000i\000o\000n\000e\000\040\000n\000u\000m\000e\000r\000i\000c\000a}{appendix.Alph6}% 52
\BOOKMARK [1][-]{appendix.Alph7}{\376\377\000I\000l\000\040\000t\000e\000o\000r\000e\000m\000a\000\040\000d\000i\000\040\000E\000h\000r\000e\000n\000f\000e\000s\000t\000\040\000e\000\040\000l\000a\000\040\000c\000o\000r\000r\000i\000s\000p\000o\000n\000d\000e\000n\000z\000a\000\040\000q\000u\000a\000n\000t\000i\000s\000t\000i\000c\000o\000-\000c\000l\000a\000s\000s\000i\000c\000a}{}% 53
\BOOKMARK [2][-]{subsection.Alph7.1}{\376\377\000E\000n\000u\000n\000c\000i\000a\000t\000o\000\040\000e\000\040\000d\000i\000m\000o\000s\000t\000r\000a\000z\000i\000o\000n\000e}{appendix.Alph7}% 54
\BOOKMARK [2][-]{subsection.Alph7.2}{\376\377\000I\000m\000p\000l\000i\000c\000a\000z\000i\000o\000n\000i\000\040\000p\000e\000r\000\040\000l\000a\000\040\000s\000i\000m\000u\000l\000a\000z\000i\000o\000n\000e}{appendix.Alph7}% 55
\BOOKMARK [2][-]{subsection.Alph7.3}{\376\377\000C\000o\000n\000s\000e\000r\000v\000a\000z\000i\000o\000n\000e\000\040\000d\000e\000l\000l\000'\000e\000n\000e\000r\000g\000i\000a}{appendix.Alph7}% 56
\BOOKMARK [1][-]{appendix.Alph8}{\376\377\000C\000o\000n\000d\000i\000z\000i\000o\000n\000i\000\040\000a\000l\000\040\000c\000o\000n\000t\000o\000r\000n\000o\000\040\000a\000s\000s\000o\000r\000b\000e\000n\000t\000i\000\040\000e\000\040\000p\000e\000r\000f\000e\000c\000t\000l\000y\000\040\000m\000a\000t\000c\000h\000e\000d\000\040\000l\000a\000y\000e\000r\000s}{}% 57
\BOOKMARK [2][-]{subsection.Alph8.1}{\376\377\000I\000l\000\040\000p\000r\000o\000b\000l\000e\000m\000a\000\040\000c\000o\000n\000\040\000l\000e\000\040\000c\000o\000n\000d\000i\000z\000i\000o\000n\000i\000\040\000a\000l\000\040\000c\000o\000n\000t\000o\000r\000n\000o\000\040\000d\000i\000\040\000D\000i\000r\000i\000c\000h\000l\000e\000t}{appendix.Alph8}% 58
\BOOKMARK [2][-]{subsection.Alph8.2}{\376\377\000C\000o\000n\000d\000i\000z\000i\000o\000n\000i\000\040\000a\000l\000\040\000c\000o\000n\000t\000o\000r\000n\000o\000\040\000a\000s\000s\000o\000r\000b\000e\000n\000t\000i}{appendix.Alph8}% 59
\BOOKMARK [2][-]{subsection.Alph8.3}{\376\377\000P\000e\000r\000f\000e\000c\000t\000l\000y\000\040\000m\000a\000t\000c\000h\000e\000d\000\040\000l\000a\000y\000e\000r\000s}{appendix.Alph8}% 60
